<?xml version="1.0" encoding="UTF-8"?>
<!-- Generated by org.testng.reporters.JUnitReportReporter -->
<testsuite hostname="DESKTOP-J0AGKIC" failures="0" tests="1" name="LoginSF.LoginSalesforce" time="4.430" errors="0" timestamp="2021-10-01T23:32:46 IST" skipped="0">
  <testcase classname="LoginSF.LoginSalesforce" name="Testing" time="4.430"/>
  <system-out/>
</testsuite> <!-- LoginSF.LoginSalesforce -->
