<?xml version="1.0" encoding="UTF-8"?>
<!-- Generated by org.testng.reporters.JUnitReportReporter -->
<testsuite hostname="DESKTOP-J0AGKIC" failures="0" tests="1" name="Home.HomeTest" time="53.035" errors="0" timestamp="2021-11-07T14:55:26 IST" skipped="0">
  <testcase classname="Home.HomeTest" name="NavigatetoLead" time="53.035"/>
  <system-out/>
</testsuite> <!-- Home.HomeTest -->
