<?xml version="1.0" encoding="UTF-8"?>
<!-- Generated by org.testng.reporters.JUnitReportReporter -->
<testsuite hostname="DESKTOP-J0AGKIC" failures="0" tests="1" name="LoginSF.Login" time="42.864" errors="0" timestamp="2021-09-16T23:14:17 IST" skipped="0">
  <testcase classname="LoginSF.Login" name="testLoginElixirPage" time="42.864"/>
  <system-out/>
</testsuite> <!-- LoginSF.Login -->
